107.01.29 14:36 B C:\herereven\herereven\calenderImg\arrow_down.gif <-- herereven /www/calenderImg arrow_down.gif
107.01.29 14:36 B C:\herereven\herereven\calenderImg\arrow_up.gif <-- herereven /www/calenderImg arrow_up.gif
107.01.29 14:36 B C:\herereven\herereven\calenderImg\cal.gif <-- herereven /www/calenderImg cal.gif
107.01.29 14:36 B C:\herereven\herereven\calenderImg\close.gif <-- herereven /www/calenderImg close.gif
107.01.29 14:36 B C:\herereven\herereven\calenderImg\drop1.gif <-- herereven /www/calenderImg drop1.gif
107.01.29 14:36 B C:\herereven\herereven\calenderImg\drop2.gif <-- herereven /www/calenderImg drop2.gif
107.01.29 14:36 B C:\herereven\herereven\calenderImg\left1.gif <-- herereven /www/calenderImg left1.gif
107.01.29 14:36 B C:\herereven\herereven\calenderImg\left2.gif <-- herereven /www/calenderImg left2.gif
107.01.29 14:36 B C:\herereven\herereven\calenderImg\right1.gif <-- herereven /www/calenderImg right1.gif
107.01.29 14:36 B C:\herereven\herereven\calenderImg\right2.gif <-- herereven /www/calenderImg right2.gif
107.03.08 16:52 B C:\wamp\www\herereven\calenderImg\arrow_down.gif --> www.vekstec.com /ITOprojects/webshop1/herereven/calenderImg arrow_down.gif
107.03.08 16:52 B C:\wamp\www\herereven\calenderImg\arrow_up.gif --> www.vekstec.com /ITOprojects/webshop1/herereven/calenderImg arrow_up.gif
107.03.08 16:52 B C:\wamp\www\herereven\calenderImg\cal.gif --> www.vekstec.com /ITOprojects/webshop1/herereven/calenderImg cal.gif
107.03.08 16:52 B C:\wamp\www\herereven\calenderImg\close.gif --> www.vekstec.com /ITOprojects/webshop1/herereven/calenderImg close.gif
107.03.08 16:52 B C:\wamp\www\herereven\calenderImg\drop1.gif --> www.vekstec.com /ITOprojects/webshop1/herereven/calenderImg drop1.gif
107.03.08 16:52 B C:\wamp\www\herereven\calenderImg\drop2.gif --> www.vekstec.com /ITOprojects/webshop1/herereven/calenderImg drop2.gif
107.03.08 16:52 B C:\wamp\www\herereven\calenderImg\left1.gif --> www.vekstec.com /ITOprojects/webshop1/herereven/calenderImg left1.gif
107.03.08 16:52 B C:\wamp\www\herereven\calenderImg\left2.gif --> www.vekstec.com /ITOprojects/webshop1/herereven/calenderImg left2.gif
107.03.08 16:52 B C:\wamp\www\herereven\calenderImg\right1.gif --> www.vekstec.com /ITOprojects/webshop1/herereven/calenderImg right1.gif
107.03.08 16:52 B C:\wamp\www\herereven\calenderImg\right2.gif --> www.vekstec.com /ITOprojects/webshop1/herereven/calenderImg right2.gif
107.03.08 16:52 B C:\wamp\www\herereven\calenderImg\Thumbs.db --> www.vekstec.com /ITOprojects/webshop1/herereven/calenderImg Thumbs.db
107.03.08 16:52 B C:\wamp\www\herereven\calenderImg\WS_FTP.LOG --> www.vekstec.com /ITOprojects/webshop1/herereven/calenderImg WS_FTP.LOG
